Change Component Footprint: Designator=D4 Old Footprint=3.2X1.6X1.1 New Footprint=LED_0805
Change Component Footprint: Designator=FB1 Old Footprint=0402-A New Footprint=INDC1608AN
Change Component Footprint: Designator=R2 Old Footprint=AXIAL-0.3 New Footprint=RESC1608N
Change Component Footprint: Designator=R2 Old Footprint=AXIAL-0.3 New Footprint=RESC1608N
Change Component Footprint: Designator=R2 Old Footprint=AXIAL-0.3 New Footprint=RESC1608N
Change Component Footprint: Designator=R2 Old Footprint=AXIAL-0.3 New Footprint=RESC1608N
Change Component Footprint: Designator=R3 Old Footprint=AXIAL-0.3 New Footprint=RESC1608N
Change Component Footprint: Designator=R4 Old Footprint=AXIAL-0.3 New Footprint=RESC1608N
Change Component Footprint: Designator=P1 Old Footprint=HDR1X2H New Footprint=PHOENIX_1985195
Change Component Footprint: Designator=P2 Old Footprint=HDR1X2H New Footprint=PHOENIX_1985195
Change Component Footprint: Designator=J1 Old Footprint=HDR1X6 New Footprint=RJ12_90
Change Component Footprint: Designator=D1 Old Footprint=LED-0 New Footprint=LED_0805
Change Component Footprint: Designator=D1 Old Footprint=LED-0 New Footprint=LED_0805
Change Component Footprint: Designator=D1 Old Footprint=LED-0 New Footprint=LED_0805
Change Component Footprint: Designator=D1 Old Footprint=LED-0 New Footprint=LED_0805
Change Component Footprint: Designator=Y1 Old Footprint=R38 New Footprint=4H_SMX_CRYSTAL
Change Component Footprint: Designator=C9 Old Footprint=RAD-0.3 New Footprint=CAP2012N
Change Component Footprint: Designator=C11 Old Footprint=RAD-0.3 New Footprint=CAP2012N
Change Component Footprint: Designator=C12 Old Footprint=RAD-0.3 New Footprint=CAP2012N
Change Component Footprint: Designator=C13 Old Footprint=RAD-0.3 New Footprint=CAP2012N
Change Component Footprint: Designator=C1 Old Footprint=RAD-0.3 New Footprint=CAPC1608N
Change Component Footprint: Designator=C2 Old Footprint=RAD-0.3 New Footprint=CAPC1608N
Change Component Footprint: Designator=C3 Old Footprint=RAD-0.3 New Footprint=CAPC1608N
Change Component Footprint: Designator=C4 Old Footprint=RAD-0.3 New Footprint=CAPC1608N
Change Component Footprint: Designator=C5 Old Footprint=RAD-0.3 New Footprint=CAPC1608N
Change Component Footprint: Designator=C6 Old Footprint=RAD-0.3 New Footprint=CAPC1608N
Change Component Footprint: Designator=C7 Old Footprint=RAD-0.3 New Footprint=CAPC1608N
Change Component Footprint: Designator=C8 Old Footprint=RAD-0.3 New Footprint=CAPC1608N
Change Component Footprint: Designator=C10 Old Footprint=RAD-0.3 New Footprint=CAPC1608N
Change Component Footprint: Designator=C14 Old Footprint=RAD-0.3 New Footprint=CAPC1608N
Change Component Footprint: Designator=C15 Old Footprint=RAD-0.3 New Footprint=CAPC1608N
Change Component Footprint: Designator=D2 Old Footprint=SMC New Footprint=DO-214AC_21
Change Component Footprint: Designator=R1 Old Footprint=VR5 New Footprint=PDB181-K415K-102A2
Change Component Comment: Designator=J1 Old Comment==Type New Comment=Comment
Change Component Comment: Designator=R2 Old Comment= New Comment=Comment
Change Component Comment: Designator=R2 Old Comment=Comment New Comment=Comment
Change Component Comment: Designator=R2 Old Comment=Comment New Comment=Comment
Change Component Comment: Designator=R2 Old Comment=Comment New Comment=Comment
Change Component Comment: Designator=R4 Old Comment= New Comment=Comment
Change Component Comment: Designator=R1 Old Comment==Value New Comment=Comment
Change Component Comment: Designator=C10 Old Comment==ValueC10 New Comment=Comment
Change Component Comment: Designator=C14 Old Comment==Value New Comment=Comment
Change Component Comment: Designator=R3 Old Comment==ValueR3 New Comment=Comment
Change Component Comment: Designator=Y1 Old Comment==Value New Comment=Comment
Change Component Comment: Designator=C9 Old Comment==ValueC9 New Comment=Comment
Change Component Comment: Designator=C11 Old Comment=10uF New Comment=Comment
Change Component Comment: Designator=C12 Old Comment==Value New Comment=Comment
Change Component Comment: Designator=C13 Old Comment==Value New Comment=Comment
Change Component Comment: Designator=P2 Old Comment=12V Battery New Comment=Comment
Change Component Comment: Designator=P1 Old Comment=12V Main New Comment=Comment
Change Component Comment: Designator=C7 Old Comment==ValueC7 New Comment=Comment
Change Component Comment: Designator=C8 Old Comment==ValueC7 New Comment=Comment
Change Component Comment: Designator=C1 Old Comment==Value New Comment=Comment
Change Component Comment: Designator=C2 Old Comment==Value New Comment=Comment
Change Component Comment: Designator=C3 Old Comment==Value New Comment=Comment
Change Component Comment: Designator=C4 Old Comment==Value New Comment=Comment
Change Component Comment: Designator=C5 Old Comment==Value New Comment=Comment
Change Component Comment: Designator=C6 Old Comment==Value New Comment=Comment
Change Component Comment: Designator=C15 Old Comment==Value New Comment=Comment
Change Component Comment: Designator=D2 Old Comment=GF1A New Comment=Comment
Change Component Comment: Designator=D1 Old Comment=Green LED New Comment=Comment
Change Component Comment: Designator=D1 Old Comment=Comment New Comment=Comment
Change Component Comment: Designator=D1 Old Comment=Comment New Comment=Comment
Change Component Comment: Designator=D1 Old Comment=Comment New Comment=Comment
Change Component Comment: Designator=FB1 Old Comment=Inductor New Comment=Comment
Change Component Comment: Designator=D4 Old Comment=LED2 New Comment=Comment
